#
# There is insufficient memory for the Java Runtime Environment to continue.
# Native memory allocation (malloc) failed to allocate 914096 bytes for Chunk::new
# Possible reasons:
#   The system is out of physical RAM or swap space
#   The process is running with CompressedOops enabled, and the Java Heap may be blocking the growth of the native heap
# Possible solutions:
#   Reduce memory load on the system
#   Increase physical memory or swap space
#   Check if swap backing store is full
#   Decrease Java heap size (-Xmx/-Xms)
#   Decrease number of Java threads
#   Decrease Java thread stack sizes (-Xss)
#   Set larger code cache with -XX:ReservedCodeCacheSize=
#   JVM is running with Unscaled Compressed Oops mode in which the Java heap is
#     placed in the first 4GB address space. The Java Heap base address is the
#     maximum limit for the native heap growth. Please use -XX:HeapBaseMinAddress
#     to set the Java Heap base and to place the Java Heap above 4GB virtual address.
# This output file may be truncated or incomplete.
#
#  Out of Memory Error (./src/hotspot/share/memory/arena.cpp:197), pid=36540, tid=21848
#
# JRE version: OpenJDK Runtime Environment (11.0.10) (build 11.0.10+0-b96-7249189)
# Java VM: OpenJDK 64-Bit Server VM (11.0.10+0-b96-7249189, mixed mode, tiered, compressed oops, g1 gc, windows-amd64)
# No core dump will be written. Minidumps are not enabled by default on client versions of Windows
#

---------------  S U M M A R Y ------------

Command Line: --add-opens=java.base/java.util=ALL-UNNAMED --add-opens=java.base/java.lang=ALL-UNNAMED --add-opens=java.base/java.lang.invoke=ALL-UNNAMED --add-opens=java.base/java.util=ALL-UNNAMED --add-opens=java.prefs/java.util.prefs=ALL-UNNAMED --add-opens=java.prefs/java.util.prefs=ALL-UNNAMED --add-opens=java.base/java.nio.charset=ALL-UNNAMED --add-opens=java.base/java.net=ALL-UNNAMED --add-opens=java.base/java.util.concurrent.atomic=ALL-UNNAMED -Xmx2048m -Dfile.encoding=UTF-8 -Duser.country=US -Duser.language=en -Duser.variant org.gradle.launcher.daemon.bootstrap.GradleDaemon 7.0.2

Host: Intel(R) Core(TM) i5-4300M CPU @ 2.60GHz, 4 cores, 15G,  Windows 10 , 64 bit Build 19041 (10.0.19041.1645)
Time: Sun May  8 19:06:04 2022 Eastern Daylight Time elapsed time: 16.650926 seconds (0d 0h 0m 16s)

---------------  T H R E A D  ---------------

Current thread (0x0000020ada567000):  JavaThread "C2 CompilerThread0" daemon [_thread_in_native, id=21848, stack(0x0000009a0ab00000,0x0000009a0ac00000)]


Current CompileTask:
C2:  16651 3403   !   4       jdk.internal.loader.URLClassPath$JarLoader::getResource (353 bytes)

Stack: [0x0000009a0ab00000,0x0000009a0ac00000]
Native frames: (J=compiled Java code, j=interpreted, Vv=VM code, C=native code)
V  [jvm.dll+0x5ecfaa]
V  [jvm.dll+0x722bd5]
V  [jvm.dll+0x72412d]
V  [jvm.dll+0x7247e3]
V  [jvm.dll+0x242928]
V  [jvm.dll+0xbc4fc]
V  [jvm.dll+0xbca0c]
V  [jvm.dll+0x352d7d]
V  [jvm.dll+0x197e0c]
V  [jvm.dll+0x1fb70e]
V  [jvm.dll+0x1fa7f4]
V  [jvm.dll+0x18354c]
V  [jvm.dll+0x208ee7]
V  [jvm.dll+0x207731]
V  [jvm.dll+0x6eb1cf]
V  [jvm.dll+0x6e3d45]
V  [jvm.dll+0x5ebe96]
C  [ucrtbase.dll+0x21bb2]
C  [KERNEL32.DLL+0x17034]
C  [ntdll.dll+0x52651]


---------------  P R O C E S S  ---------------

Threads class SMR info:
_java_thread_list=0x0000020addb0e0a0, length=33, elements={
0x0000020ac00bd800, 0x0000020ad9cdb800, 0x0000020ad9cdd800, 0x0000020ada560000,
0x0000020ada562000, 0x0000020ada563800, 0x0000020ada567000, 0x0000020ada570800,
0x0000020ada572800, 0x0000020ada6d3000, 0x0000020adba10000, 0x0000020adc777800,
0x0000020adc4b4000, 0x0000020ada7bf000, 0x0000020adc433000, 0x0000020adc48e000,
0x0000020add8a0800, 0x0000020adb4c6000, 0x0000020adcf36000, 0x0000020ada78b800,
0x0000020ada78a800, 0x0000020ada786800, 0x0000020ada787800, 0x0000020ada788000,
0x0000020ada78d000, 0x0000020ada78a000, 0x0000020ada78c800, 0x0000020ada789000,
0x0000020ade2fd000, 0x0000020ade2fe800, 0x0000020ade2fe000, 0x0000020ade2ff800,
0x0000020ade300000
}

Java Threads: ( => current thread )
  0x0000020ac00bd800 JavaThread "main" [_thread_blocked, id=32908, stack(0x0000009a09f00000,0x0000009a0a000000)]
  0x0000020ad9cdb800 JavaThread "Reference Handler" daemon [_thread_blocked, id=24440, stack(0x0000009a0a600000,0x0000009a0a700000)]
  0x0000020ad9cdd800 JavaThread "Finalizer" daemon [_thread_blocked, id=35552, stack(0x0000009a0a700000,0x0000009a0a800000)]
  0x0000020ada560000 JavaThread "Signal Dispatcher" daemon [_thread_blocked, id=796, stack(0x0000009a0a800000,0x0000009a0a900000)]
  0x0000020ada562000 JavaThread "Attach Listener" daemon [_thread_blocked, id=6200, stack(0x0000009a0a900000,0x0000009a0aa00000)]
  0x0000020ada563800 JavaThread "Service Thread" daemon [_thread_blocked, id=31964, stack(0x0000009a0aa00000,0x0000009a0ab00000)]
=>0x0000020ada567000 JavaThread "C2 CompilerThread0" daemon [_thread_in_native, id=21848, stack(0x0000009a0ab00000,0x0000009a0ac00000)]
  0x0000020ada570800 JavaThread "C1 CompilerThread0" daemon [_thread_blocked, id=35516, stack(0x0000009a0ac00000,0x0000009a0ad00000)]
  0x0000020ada572800 JavaThread "Sweeper thread" daemon [_thread_blocked, id=1176, stack(0x0000009a0ad00000,0x0000009a0ae00000)]
  0x0000020ada6d3000 JavaThread "Common-Cleaner" daemon [_thread_blocked, id=36224, stack(0x0000009a0ae00000,0x0000009a0af00000)]
  0x0000020adba10000 JavaThread "Daemon health stats" [_thread_blocked, id=32648, stack(0x0000009a0b400000,0x0000009a0b500000)]
  0x0000020adc777800 JavaThread "Incoming local TCP Connector on port 55389" [_thread_in_native, id=25752, stack(0x0000009a0b000000,0x0000009a0b100000)]
  0x0000020adc4b4000 JavaThread "Daemon periodic checks" [_thread_blocked, id=11208, stack(0x0000009a0b500000,0x0000009a0b600000)]
  0x0000020ada7bf000 JavaThread "Daemon" [_thread_blocked, id=8784, stack(0x0000009a0b600000,0x0000009a0b700000)]
  0x0000020adc433000 JavaThread "Handler for socket connection from /127.0.0.1:55389 to /127.0.0.1:55390" [_thread_in_native, id=29480, stack(0x0000009a0b700000,0x0000009a0b800000)]
  0x0000020adc48e000 JavaThread "Cancel handler" [_thread_blocked, id=5064, stack(0x0000009a0b800000,0x0000009a0b900000)]
  0x0000020add8a0800 JavaThread "Daemon worker" [_thread_in_vm, id=21620, stack(0x0000009a0b900000,0x0000009a0ba00000)]
  0x0000020adb4c6000 JavaThread "Asynchronous log dispatcher for DefaultDaemonConnection: socket connection from /127.0.0.1:55389 to /127.0.0.1:55390" [_thread_blocked, id=22672, stack(0x0000009a0ba00000,0x0000009a0bb00000)]
  0x0000020adcf36000 JavaThread "Stdin handler" [_thread_blocked, id=37208, stack(0x0000009a0bb00000,0x0000009a0bc00000)]
  0x0000020ada78b800 JavaThread "Daemon client event forwarder" [_thread_blocked, id=22544, stack(0x0000009a0bc00000,0x0000009a0bd00000)]
  0x0000020ada78a800 JavaThread "Cache worker for file hash cache (C:\Users\Jonat\.gradle\caches\7.0.2\fileHashes)" [_thread_blocked, id=16168, stack(0x0000009a0bd00000,0x0000009a0be00000)]
  0x0000020ada786800 JavaThread "File lock request listener" [_thread_in_native, id=18928, stack(0x0000009a0be00000,0x0000009a0bf00000)]
  0x0000020ada787800 JavaThread "Cache worker for journal cache (C:\Users\Jonat\.gradle\caches\journal-1)" [_thread_blocked, id=25692, stack(0x0000009a0bf00000,0x0000009a0c000000)]
  0x0000020ada788000 JavaThread "Cache worker for file hash cache (C:\Users\Jonat\Documents\GitHub\NCVirtual-Coding-Club\Rise\.gradle\7.0.2\fileHashes)" [_thread_blocked, id=10212, stack(0x0000009a0c100000,0x0000009a0c200000)]
  0x0000020ada78d000 JavaThread "File watcher server" daemon [_thread_in_native, id=22124, stack(0x0000009a0c200000,0x0000009a0c300000)]
  0x0000020ada78a000 JavaThread "File watcher consumer" daemon [_thread_blocked, id=13268, stack(0x0000009a0c300000,0x0000009a0c400000)]
  0x0000020ada78c800 JavaThread "Cache worker for checksums cache (C:\Users\Jonat\Documents\GitHub\NCVirtual-Coding-Club\Rise\.gradle\checksums)" [_thread_blocked, id=1664, stack(0x0000009a0c000000,0x0000009a0c100000)]
  0x0000020ada789000 JavaThread "Cache worker for cache directory md-supplier (C:\Users\Jonat\.gradle\caches\7.0.2\md-supplier)" [_thread_blocked, id=15676, stack(0x0000009a0c400000,0x0000009a0c500000)]
  0x0000020ade2fd000 JavaThread "Cache worker for cache directory md-rule (C:\Users\Jonat\.gradle\caches\7.0.2\md-rule)" [_thread_blocked, id=20408, stack(0x0000009a0c500000,0x0000009a0c600000)]
  0x0000020ade2fe800 JavaThread "Cache worker for execution history cache (C:\Users\Jonat\.gradle\caches\7.0.2\executionHistory)" [_thread_blocked, id=36764, stack(0x0000009a0c700000,0x0000009a0c800000)]
  0x0000020ade2fe000 JavaThread "jar transforms" [_thread_blocked, id=20288, stack(0x0000009a0c600000,0x0000009a0c700000)]
  0x0000020ade2ff800 JavaThread "jar transforms Thread 2" [_thread_blocked, id=16688, stack(0x0000009a0c800000,0x0000009a0c900000)]
  0x0000020ade300000 JavaThread "Cache worker for file content cache (C:\Users\Jonat\.gradle\caches\7.0.2\fileContent)" [_thread_blocked, id=12024, stack(0x0000009a0c900000,0x0000009a0ca00000)]

Other Threads:
  0x0000020ad9cd5000 VMThread "VM Thread" [stack: 0x0000009a0a500000,0x0000009a0a600000] [id=10220]
  0x0000020ada6d5000 WatcherThread [stack: 0x0000009a0af00000,0x0000009a0b000000] [id=16652]
  0x0000020ac00d7000 GCTaskThread "GC Thread#0" [stack: 0x0000009a0a000000,0x0000009a0a100000] [id=10656]
  0x0000020adac14000 GCTaskThread "GC Thread#1" [stack: 0x0000009a0b100000,0x0000009a0b200000] [id=25964]
  0x0000020adab0d800 GCTaskThread "GC Thread#2" [stack: 0x0000009a0b200000,0x0000009a0b300000] [id=34824]
  0x0000020adb2d6000 GCTaskThread "GC Thread#3" [stack: 0x0000009a0b300000,0x0000009a0b400000] [id=34916]
  0x0000020ac0107000 ConcurrentGCThread "G1 Main Marker" [stack: 0x0000009a0a100000,0x0000009a0a200000] [id=15484]
  0x0000020ac0108800 ConcurrentGCThread "G1 Conc#0" [stack: 0x0000009a0a200000,0x0000009a0a300000] [id=22248]
  0x0000020ac019e000 ConcurrentGCThread "G1 Refine#0" [stack: 0x0000009a0a300000,0x0000009a0a400000] [id=8020]
  0x0000020ad9b46800 ConcurrentGCThread "G1 Young RemSet Sampling" [stack: 0x0000009a0a400000,0x0000009a0a500000] [id=23260]

Threads with active compile tasks:
C2 CompilerThread0  16709 3403   !   4       jdk.internal.loader.URLClassPath$JarLoader::getResource (353 bytes)

VM state:not at safepoint (normal execution)

VM Mutex/Monitor currently owned by a thread: None

Heap address: 0x0000000080000000, size: 2048 MB, Compressed Oops mode: 32-bit
Narrow klass base: 0x0000000000000000, Narrow klass shift: 3
Compressed class space size: 1073741824 Address: 0x0000000100000000

Heap:
 garbage-first heap   total 262144K, used 61133K [0x0000000080000000, 0x0000000100000000)
  region size 1024K, 51 young (52224K), 14 survivors (14336K)
 Metaspace       used 38040K, capacity 38958K, committed 39040K, reserved 1083392K
  class space    used 4840K, capacity 5176K, committed 5248K, reserved 1048576K
Heap Regions: E=young(eden), S=young(survivor), O=old, HS=humongous(starts), HC=humongous(continues), CS=collection set, F=free, A=archive, TAMS=top-at-mark-start (previous, next)
|   0|0x0000000080000000, 0x0000000080100000, 0x0000000080100000|100%| O|  |TAMS 0x0000000080100000, 0x0000000080000000| Untracked 
|   1|0x0000000080100000, 0x00000000801b3400, 0x0000000080200000| 70%| O|  |TAMS 0x00000000801b3400, 0x0000000080100000| Untracked 
|   2|0x0000000080200000, 0x0000000080300000, 0x0000000080300000|100%|HS|  |TAMS 0x0000000080200000, 0x0000000080200000| Complete 
|   3|0x0000000080300000, 0x0000000080400000, 0x0000000080400000|100%|HS|  |TAMS 0x0000000080400000, 0x0000000080300000| Complete 
|   4|0x0000000080400000, 0x0000000080500000, 0x0000000080500000|100%|HC|  |TAMS 0x0000000080500000, 0x0000000080400000| Complete 
|   5|0x0000000080500000, 0x0000000080600000, 0x0000000080600000|100%|HC|  |TAMS 0x0000000080600000, 0x0000000080500000| Complete 
|   6|0x0000000080600000, 0x0000000080700000, 0x0000000080700000|100%| O|  |TAMS 0x0000000080700000, 0x0000000080600000| Untracked 
|   7|0x0000000080700000, 0x0000000080800000, 0x0000000080800000|100%| O|  |TAMS 0x0000000080800000, 0x0000000080700000| Untracked 
|   8|0x0000000080800000, 0x0000000080900000, 0x0000000080900000|100%| O|  |TAMS 0x0000000080900000, 0x0000000080800000| Untracked 
|   9|0x0000000080900000, 0x0000000080a00000, 0x0000000080a00000|100%|HS|  |TAMS 0x0000000080900000, 0x0000000080900000| Complete 
|  10|0x0000000080a00000, 0x0000000080b00000, 0x0000000080b00000|100%|HC|  |TAMS 0x0000000080a00000, 0x0000000080a00000| Complete 
|  11|0x0000000080b00000, 0x0000000080b00000, 0x0000000080c00000|  0%| F|  |TAMS 0x0000000080b00000, 0x0000000080b00000| Untracked 
|  12|0x0000000080c00000, 0x0000000080c00000, 0x0000000080d00000|  0%| F|  |TAMS 0x0000000080c00000, 0x0000000080c00000| Untracked 
|  13|0x0000000080d00000, 0x0000000080d00000, 0x0000000080e00000|  0%| F|  |TAMS 0x0000000080d00000, 0x0000000080d00000| Untracked 
|  14|0x0000000080e00000, 0x0000000080e00000, 0x0000000080f00000|  0%| F|  |TAMS 0x0000000080e00000, 0x0000000080e00000| Untracked 
|  15|0x0000000080f00000, 0x0000000080f00000, 0x0000000081000000|  0%| F|  |TAMS 0x0000000080f00000, 0x0000000080f00000| Untracked 
|  16|0x0000000081000000, 0x0000000081000000, 0x0000000081100000|  0%| F|  |TAMS 0x0000000081000000, 0x0000000081000000| Untracked 
|  17|0x0000000081100000, 0x0000000081100000, 0x0000000081200000|  0%| F|  |TAMS 0x0000000081100000, 0x0000000081100000| Untracked 
|  18|0x0000000081200000, 0x0000000081200000, 0x0000000081300000|  0%| F|  |TAMS 0x0000000081200000, 0x0000000081200000| Untracked 
|  19|0x0000000081300000, 0x0000000081300000, 0x0000000081400000|  0%| F|  |TAMS 0x0000000081300000, 0x0000000081300000| Untracked 
|  20|0x0000000081400000, 0x0000000081400000, 0x0000000081500000|  0%| F|  |TAMS 0x0000000081400000, 0x0000000081400000| Untracked 
|  21|0x0000000081500000, 0x0000000081500000, 0x0000000081600000|  0%| F|  |TAMS 0x0000000081500000, 0x0000000081500000| Untracked 
|  22|0x0000000081600000, 0x0000000081600000, 0x0000000081700000|  0%| F|  |TAMS 0x0000000081600000, 0x0000000081600000| Untracked 
|  23|0x0000000081700000, 0x0000000081700000, 0x0000000081800000|  0%| F|  |TAMS 0x0000000081700000, 0x0000000081700000| Untracked 
|  24|0x0000000081800000, 0x0000000081800000, 0x0000000081900000|  0%| F|  |TAMS 0x0000000081800000, 0x0000000081800000| Untracked 
|  25|0x0000000081900000, 0x0000000081900000, 0x0000000081a00000|  0%| F|  |TAMS 0x0000000081900000, 0x0000000081900000| Untracked 
|  26|0x0000000081a00000, 0x0000000081a00000, 0x0000000081b00000|  0%| F|  |TAMS 0x0000000081a00000, 0x0000000081a00000| Untracked 
|  27|0x0000000081b00000, 0x0000000081b00000, 0x0000000081c00000|  0%| F|  |TAMS 0x0000000081b00000, 0x0000000081b00000| Untracked 
|  28|0x0000000081c00000, 0x0000000081c00000, 0x0000000081d00000|  0%| F|  |TAMS 0x0000000081c00000, 0x0000000081c00000| Untracked 
|  29|0x0000000081d00000, 0x0000000081d00000, 0x0000000081e00000|  0%| F|  |TAMS 0x0000000081d00000, 0x0000000081d00000| Untracked 
|  30|0x0000000081e00000, 0x0000000081e00000, 0x0000000081f00000|  0%| F|  |TAMS 0x0000000081e00000, 0x0000000081e00000| Untracked 
|  31|0x0000000081f00000, 0x0000000081f00000, 0x0000000082000000|  0%| F|  |TAMS 0x0000000081f00000, 0x0000000081f00000| Untracked 
|  32|0x0000000082000000, 0x0000000082000000, 0x0000000082100000|  0%| F|  |TAMS 0x0000000082000000, 0x0000000082000000| Untracked 
|  33|0x0000000082100000, 0x0000000082100000, 0x0000000082200000|  0%| F|  |TAMS 0x0000000082100000, 0x0000000082100000| Untracked 
|  34|0x0000000082200000, 0x0000000082200000, 0x0000000082300000|  0%| F|  |TAMS 0x0000000082200000, 0x0000000082200000| Untracked 
|  35|0x0000000082300000, 0x0000000082300000, 0x0000000082400000|  0%| F|  |TAMS 0x0000000082300000, 0x0000000082300000| Untracked 
|  36|0x0000000082400000, 0x0000000082400000, 0x0000000082500000|  0%| F|  |TAMS 0x0000000082400000, 0x0000000082400000| Untracked 
|  37|0x0000000082500000, 0x0000000082500000, 0x0000000082600000|  0%| F|  |TAMS 0x0000000082500000, 0x0000000082500000| Untracked 
|  38|0x0000000082600000, 0x0000000082600000, 0x0000000082700000|  0%| F|  |TAMS 0x0000000082600000, 0x0000000082600000| Untracked 
|  39|0x0000000082700000, 0x0000000082700000, 0x0000000082800000|  0%| F|  |TAMS 0x0000000082700000, 0x0000000082700000| Untracked 
|  40|0x0000000082800000, 0x0000000082800000, 0x0000000082900000|  0%| F|  |TAMS 0x0000000082800000, 0x0000000082800000| Untracked 
|  41|0x0000000082900000, 0x0000000082900000, 0x0000000082a00000|  0%| F|  |TAMS 0x0000000082900000, 0x0000000082900000| Untracked 
|  42|0x0000000082a00000, 0x0000000082a00000, 0x0000000082b00000|  0%| F|  |TAMS 0x0000000082a00000, 0x0000000082a00000| Untracked 
|  43|0x0000000082b00000, 0x0000000082b00000, 0x0000000082c00000|  0%| F|  |TAMS 0x0000000082b00000, 0x0000000082b00000| Untracked 
|  44|0x0000000082c00000, 0x0000000082c00000, 0x0000000082d00000|  0%| F|  |TAMS 0x0000000082c00000, 0x0000000082c00000| Untracked 
|  45|0x0000000082d00000, 0x0000000082d00000, 0x0000000082e00000|  0%| F|  |TAMS 0x0000000082d00000, 0x0000000082d00000| Untracked 
|  46|0x0000000082e00000, 0x0000000082e00000, 0x0000000082f00000|  0%| F|  |TAMS 0x0000000082e00000, 0x0000000082e00000| Untracked 
|  47|0x0000000082f00000, 0x0000000082f00000, 0x0000000083000000|  0%| F|  |TAMS 0x0000000082f00000, 0x0000000082f00000| Untracked 
|  48|0x0000000083000000, 0x0000000083000000, 0x0000000083100000|  0%| F|  |TAMS 0x0000000083000000, 0x0000000083000000| Untracked 
|  49|0x0000000083100000, 0x0000000083100000, 0x0000000083200000|  0%| F|  |TAMS 0x0000000083100000, 0x0000000083100000| Untracked 
|  50|0x0000000083200000, 0x0000000083200000, 0x0000000083300000|  0%| F|  |TAMS 0x0000000083200000, 0x0000000083200000| Untracked 
|  51|0x0000000083300000, 0x0000000083300000, 0x0000000083400000|  0%| F|  |TAMS 0x0000000083300000, 0x0000000083300000| Untracked 
|  52|0x0000000083400000, 0x0000000083400000, 0x0000000083500000|  0%| F|  |TAMS 0x0000000083400000, 0x0000000083400000| Untracked 
|  53|0x0000000083500000, 0x0000000083500000, 0x0000000083600000|  0%| F|  |TAMS 0x0000000083500000, 0x0000000083500000| Untracked 
|  54|0x0000000083600000, 0x0000000083600000, 0x0000000083700000|  0%| F|  |TAMS 0x0000000083600000, 0x0000000083600000| Untracked 
|  55|0x0000000083700000, 0x0000000083700000, 0x0000000083800000|  0%| F|  |TAMS 0x0000000083700000, 0x0000000083700000| Untracked 
|  56|0x0000000083800000, 0x0000000083800000, 0x0000000083900000|  0%| F|  |TAMS 0x0000000083800000, 0x0000000083800000| Untracked 
|  57|0x0000000083900000, 0x0000000083900000, 0x0000000083a00000|  0%| F|  |TAMS 0x0000000083900000, 0x0000000083900000| Untracked 
|  58|0x0000000083a00000, 0x0000000083a00000, 0x0000000083b00000|  0%| F|  |TAMS 0x0000000083a00000, 0x0000000083a00000| Untracked 
|  59|0x0000000083b00000, 0x0000000083b00000, 0x0000000083c00000|  0%| F|  |TAMS 0x0000000083b00000, 0x0000000083b00000| Untracked 
|  60|0x0000000083c00000, 0x0000000083c00000, 0x0000000083d00000|  0%| F|  |TAMS 0x0000000083c00000, 0x0000000083c00000| Untracked 
|  61|0x0000000083d00000, 0x0000000083d00000, 0x0000000083e00000|  0%| F|  |TAMS 0x0000000083d00000, 0x0000000083d00000| Untracked 
|  62|0x0000000083e00000, 0x0000000083e00000, 0x0000000083f00000|  0%| F|  |TAMS 0x0000000083e00000, 0x0000000083e00000| Untracked 
|  63|0x0000000083f00000, 0x0000000083f00000, 0x0000000084000000|  0%| F|  |TAMS 0x0000000083f00000, 0x0000000083f00000| Untracked 
|  64|0x0000000084000000, 0x0000000084000000, 0x0000000084100000|  0%| F|  |TAMS 0x0000000084000000, 0x0000000084000000| Untracked 
|  65|0x0000000084100000, 0x0000000084100000, 0x0000000084200000|  0%| F|  |TAMS 0x0000000084100000, 0x0000000084100000| Untracked 
|  66|0x0000000084200000, 0x0000000084200000, 0x0000000084300000|  0%| F|  |TAMS 0x0000000084200000, 0x0000000084200000| Untracked 
|  67|0x0000000084300000, 0x0000000084300000, 0x0000000084400000|  0%| F|  |TAMS 0x0000000084300000, 0x0000000084300000| Untracked 
|  68|0x0000000084400000, 0x0000000084400000, 0x0000000084500000|  0%| F|  |TAMS 0x0000000084400000, 0x0000000084400000| Untracked 
|  69|0x0000000084500000, 0x0000000084500000, 0x0000000084600000|  0%| F|  |TAMS 0x0000000084500000, 0x0000000084500000| Untracked 
|  70|0x0000000084600000, 0x0000000084600000, 0x0000000084700000|  0%| F|  |TAMS 0x0000000084600000, 0x0000000084600000| Untracked 
|  71|0x0000000084700000, 0x0000000084700000, 0x0000000084800000|  0%| F|  |TAMS 0x0000000084700000, 0x0000000084700000| Untracked 
|  72|0x0000000084800000, 0x0000000084800000, 0x0000000084900000|  0%| F|  |TAMS 0x0000000084800000, 0x0000000084800000| Untracked 
|  73|0x0000000084900000, 0x0000000084900000, 0x0000000084a00000|  0%| F|  |TAMS 0x0000000084900000, 0x0000000084900000| Untracked 
|  74|0x0000000084a00000, 0x0000000084a00000, 0x0000000084b00000|  0%| F|  |TAMS 0x0000000084a00000, 0x0000000084a00000| Untracked 
|  75|0x0000000084b00000, 0x0000000084b00000, 0x0000000084c00000|  0%| F|  |TAMS 0x0000000084b00000, 0x0000000084b00000| Untracked 
|  76|0x0000000084c00000, 0x0000000084c00000, 0x0000000084d00000|  0%| F|  |TAMS 0x0000000084c00000, 0x0000000084c00000| Untracked 
|  77|0x0000000084d00000, 0x0000000084d00000, 0x0000000084e00000|  0%| F|  |TAMS 0x0000000084d00000, 0x0000000084d00000| Untracked 
|  78|0x0000000084e00000, 0x0000000084e00000, 0x0000000084f00000|  0%| F|  |TAMS 0x0000000084e00000, 0x0000000084e00000| Untracked 
|  79|0x0000000084f00000, 0x0000000084f00000, 0x0000000085000000|  0%| F|  |TAMS 0x0000000084f00000, 0x0000000084f00000| Untracked 
|  80|0x0000000085000000, 0x0000000085000000, 0x0000000085100000|  0%| F|  |TAMS 0x0000000085000000, 0x0000000085000000| Untracked 
|  81|0x0000000085100000, 0x0000000085100000, 0x0000000085200000|  0%| F|  |TAMS 0x0000000085100000, 0x0000000085100000| Untracked 
|  82|0x0000000085200000, 0x0000000085200000, 0x0000000085300000|  0%| F|  |TAMS 0x0000000085200000, 0x0000000085200000| Untracked 
|  83|0x0000000085300000, 0x0000000085300000, 0x0000000085400000|  0%| F|  |TAMS 0x0000000085300000, 0x0000000085300000| Untracked 
|  84|0x0000000085400000, 0x0000000085400000, 0x0000000085500000|  0%| F|  |TAMS 0x0000000085400000, 0x0000000085400000| Untracked 
|  85|0x0000000085500000, 0x0000000085500000, 0x0000000085600000|  0%| F|  |TAMS 0x0000000085500000, 0x0000000085500000| Untracked 
|  86|0x0000000085600000, 0x0000000085600000, 0x0000000085700000|  0%| F|  |TAMS 0x0000000085600000, 0x0000000085600000| Untracked 
|  87|0x0000000085700000, 0x0000000085700000, 0x0000000085800000|  0%| F|  |TAMS 0x0000000085700000, 0x0000000085700000| Untracked 
|  88|0x0000000085800000, 0x0000000085800000, 0x0000000085900000|  0%| F|  |TAMS 0x0000000085800000, 0x0000000085800000| Untracked 
|  89|0x0000000085900000, 0x0000000085900000, 0x0000000085a00000|  0%| F|  |TAMS 0x0000000085900000, 0x0000000085900000| Untracked 
|  90|0x0000000085a00000, 0x0000000085a00000, 0x0000000085b00000|  0%| F|  |TAMS 0x0000000085a00000, 0x0000000085a00000| Untracked 
|  91|0x0000000085b00000, 0x0000000085b00000, 0x0000000085c00000|  0%| F|  |TAMS 0x0000000085b00000, 0x0000000085b00000| Untracked 
|  92|0x0000000085c00000, 0x0000000085c00000, 0x0000000085d00000|  0%| F|  |TAMS 0x0000000085c00000, 0x0000000085c00000| Untracked 
|  93|0x0000000085d00000, 0x0000000085d00000, 0x0000000085e00000|  0%| F|  |TAMS 0x0000000085d00000, 0x0000000085d00000| Untracked 
|  94|0x0000000085e00000, 0x0000000085e00000, 0x0000000085f00000|  0%| F|  |TAMS 0x0000000085e00000, 0x0000000085e00000| Untracked 
|  95|0x0000000085f00000, 0x0000000085f00000, 0x0000000086000000|  0%| F|  |TAMS 0x0000000085f00000, 0x0000000085f00000| Untracked 
|  96|0x0000000086000000, 0x0000000086000000, 0x0000000086100000|  0%| F|  |TAMS 0x0000000086000000, 0x0000000086000000| Untracked 
|  97|0x0000000086100000, 0x0000000086100000, 0x0000000086200000|  0%| F|  |TAMS 0x0000000086100000, 0x0000000086100000| Untracked 
|  98|0x0000000086200000, 0x0000000086200000, 0x0000000086300000|  0%| F|  |TAMS 0x0000000086200000, 0x0000000086200000| Untracked 
|  99|0x0000000086300000, 0x0000000086300000, 0x0000000086400000|  0%| F|  |TAMS 0x0000000086300000, 0x0000000086300000| Untracked 
| 100|0x0000000086400000, 0x0000000086400000, 0x0000000086500000|  0%| F|  |TAMS 0x0000000086400000, 0x0000000086400000| Untracked 
| 101|0x0000000086500000, 0x0000000086500000, 0x0000000086600000|  0%| F|  |TAMS 0x0000000086500000, 0x0000000086500000| Untracked 
| 102|0x0000000086600000, 0x0000000086600000, 0x0000000086700000|  0%| F|  |TAMS 0x0000000086600000, 0x0000000086600000| Untracked 
| 103|0x0000000086700000, 0x0000000086700000, 0x0000000086800000|  0%| F|  |TAMS 0x0000000086700000, 0x0000000086700000| Untracked 
| 104|0x0000000086800000, 0x0000000086800000, 0x0000000086900000|  0%| F|  |TAMS 0x0000000086800000, 0x0000000086800000| Untracked 
| 105|0x0000000086900000, 0x0000000086900000, 0x0000000086a00000|  0%| F|  |TAMS 0x0000000086900000, 0x0000000086900000| Untracked 
| 106|0x0000000086a00000, 0x0000000086a00000, 0x0000000086b00000|  0%| F|  |TAMS 0x0000000086a00000, 0x0000000086a00000| Untracked 
| 107|0x0000000086b00000, 0x0000000086b00000, 0x0000000086c00000|  0%| F|  |TAMS 0x0000000086b00000, 0x0000000086b00000| Untracked 
| 108|0x0000000086c00000, 0x0000000086c00000, 0x0000000086d00000|  0%| F|  |TAMS 0x0000000086c00000, 0x0000000086c00000| Untracked 
| 109|0x0000000086d00000, 0x0000000086d00000, 0x0000000086e00000|  0%| F|  |TAMS 0x0000000086d00000, 0x0000000086d00000| Untracked 
| 110|0x0000000086e00000, 0x0000000086e00000, 0x0000000086f00000|  0%| F|  |TAMS 0x0000000086e00000, 0x0000000086e00000| Untracked 
| 111|0x0000000086f00000, 0x0000000086f00000, 0x0000000087000000|  0%| F|  |TAMS 0x0000000086f00000, 0x0000000086f00000| Untracked 
| 112|0x0000000087000000, 0x0000000087000000, 0x0000000087100000|  0%| F|  |TAMS 0x0000000087000000, 0x0000000087000000| Untracked 
| 113|0x0000000087100000, 0x0000000087100000, 0x0000000087200000|  0%| F|  |TAMS 0x0000000087100000, 0x0000000087100000| Untracked 
| 114|0x0000000087200000, 0x0000000087200000, 0x0000000087300000|  0%| F|  |TAMS 0x0000000087200000, 0x0000000087200000| Untracked 
| 115|0x0000000087300000, 0x0000000087300000, 0x0000000087400000|  0%| F|  |TAMS 0x0000000087300000, 0x0000000087300000| Untracked 
| 116|0x0000000087400000, 0x0000000087400000, 0x0000000087500000|  0%| F|  |TAMS 0x0000000087400000, 0x0000000087400000| Untracked 
| 117|0x0000000087500000, 0x0000000087500000, 0x0000000087600000|  0%| F|  |TAMS 0x0000000087500000, 0x0000000087500000| Untracked 
| 118|0x0000000087600000, 0x0000000087600000, 0x0000000087700000|  0%| F|  |TAMS 0x0000000087600000, 0x0000000087600000| Untracked 
| 119|0x0000000087700000, 0x0000000087700000, 0x0000000087800000|  0%| F|  |TAMS 0x0000000087700000, 0x0000000087700000| Untracked 
| 120|0x0000000087800000, 0x0000000087800000, 0x0000000087900000|  0%| F|  |TAMS 0x0000000087800000, 0x0000000087800000| Untracked 
| 121|0x0000000087900000, 0x0000000087900000, 0x0000000087a00000|  0%| F|  |TAMS 0x0000000087900000, 0x0000000087900000| Untracked 
| 122|0x0000000087a00000, 0x0000000087a00000, 0x0000000087b00000|  0%| F|  |TAMS 0x0000000087a00000, 0x0000000087a00000| Untracked 
| 123|0x0000000087b00000, 0x0000000087b00000, 0x0000000087c00000|  0%| F|  |TAMS 0x0000000087b00000, 0x0000000087b00000| Untracked 
| 124|0x0000000087c00000, 0x0000000087d00000, 0x0000000087d00000|100%| S|CS|TAMS 0x0000000087c00000, 0x0000000087c00000| Complete 
| 125|0x0000000087d00000, 0x0000000087e00000, 0x0000000087e00000|100%| S|CS|TAMS 0x0000000087d00000, 0x0000000087d00000| Complete 
| 126|0x0000000087e00000, 0x0000000087f00000, 0x0000000087f00000|100%| S|CS|TAMS 0x0000000087e00000, 0x0000000087e00000| Complete 
| 127|0x0000000087f00000, 0x0000000088000000, 0x0000000088000000|100%| S|CS|TAMS 0x0000000087f00000, 0x0000000087f00000| Complete 
| 128|0x0000000088000000, 0x0000000088100000, 0x0000000088100000|100%| S|CS|TAMS 0x0000000088000000, 0x0000000088000000| Complete 
| 129|0x0000000088100000, 0x0000000088200000, 0x0000000088200000|100%| S|CS|TAMS 0x0000000088100000, 0x0000000088100000| Complete 
| 130|0x0000000088200000, 0x0000000088300000, 0x0000000088300000|100%| S|CS|TAMS 0x0000000088200000, 0x0000000088200000| Complete 
| 131|0x0000000088300000, 0x0000000088400000, 0x0000000088400000|100%| S|CS|TAMS 0x0000000088300000, 0x0000000088300000| Complete 
| 132|0x0000000088400000, 0x0000000088500000, 0x0000000088500000|100%| S|CS|TAMS 0x0000000088400000, 0x0000000088400000| Complete 
| 133|0x0000000088500000, 0x0000000088600000, 0x0000000088600000|100%| S|CS|TAMS 0x0000000088500000, 0x0000000088500000| Complete 
| 134|0x0000000088600000, 0x0000000088700000, 0x0000000088700000|100%| S|CS|TAMS 0x0000000088600000, 0x0000000088600000| Complete 
| 135|0x0000000088700000, 0x0000000088800000, 0x0000000088800000|100%| S|CS|TAMS 0x0000000088700000, 0x0000000088700000| Complete 
| 136|0x0000000088800000, 0x0000000088900000, 0x0000000088900000|100%| S|CS|TAMS 0x0000000088800000, 0x0000000088800000| Complete 
| 137|0x0000000088900000, 0x0000000088a00000, 0x0000000088a00000|100%| S|CS|TAMS 0x0000000088900000, 0x0000000088900000| Complete 
| 138|0x0000000088a00000, 0x0000000088a00000, 0x0000000088b00000|  0%| F|  |TAMS 0x0000000088a00000, 0x0000000088a00000| Untracked 
| 139|0x0000000088b00000, 0x0000000088b00000, 0x0000000088c00000|  0%| F|  |TAMS 0x0000000088b00000, 0x0000000088b00000| Untracked 
| 140|0x0000000088c00000, 0x0000000088c00000, 0x0000000088d00000|  0%| F|  |TAMS 0x0000000088c00000, 0x0000000088c00000| Untracked 
| 141|0x0000000088d00000, 0x0000000088d00000, 0x0000000088e00000|  0%| F|  |TAMS 0x0000000088d00000, 0x0000000088d00000| Untracked 
| 142|0x0000000088e00000, 0x0000000088e00000, 0x0000000088f00000|  0%| F|  |TAMS 0x0000000088e00000, 0x0000000088e00000| Untracked 
| 143|0x0000000088f00000, 0x0000000088f00000, 0x0000000089000000|  0%| F|  |TAMS 0x0000000088f00000, 0x0000000088f00000| Untracked 
| 144|0x0000000089000000, 0x0000000089000000, 0x0000000089100000|  0%| F|  |TAMS 0x0000000089000000, 0x0000000089000000| Untracked 
| 145|0x0000000089100000, 0x0000000089100000, 0x0000000089200000|  0%| F|  |TAMS 0x0000000089100000, 0x0000000089100000| Untracked 
| 146|0x0000000089200000, 0x0000000089200000, 0x0000000089300000|  0%| F|  |TAMS 0x0000000089200000, 0x0000000089200000| Untracked 
| 147|0x0000000089300000, 0x0000000089300000, 0x0000000089400000|  0%| F|  |TAMS 0x0000000089300000, 0x0000000089300000| Untracked 
| 148|0x0000000089400000, 0x0000000089400000, 0x0000000089500000|  0%| F|  |TAMS 0x0000000089400000, 0x0000000089400000| Untracked 
| 149|0x0000000089500000, 0x0000000089500000, 0x0000000089600000|  0%| F|  |TAMS 0x0000000089500000, 0x0000000089500000| Untracked 
| 150|0x0000000089600000, 0x0000000089600000, 0x0000000089700000|  0%| F|  |TAMS 0x0000000089600000, 0x0000000089600000| Untracked 
| 151|0x0000000089700000, 0x0000000089700000, 0x0000000089800000|  0%| F|  |TAMS 0x0000000089700000, 0x0000000089700000| Untracked 
| 152|0x0000000089800000, 0x0000000089800000, 0x0000000089900000|  0%| F|  |TAMS 0x0000000089800000, 0x0000000089800000| Untracked 
| 153|0x0000000089900000, 0x0000000089900000, 0x0000000089a00000|  0%| F|  |TAMS 0x0000000089900000, 0x0000000089900000| Untracked 
| 154|0x0000000089a00000, 0x0000000089a00000, 0x0000000089b00000|  0%| F|  |TAMS 0x0000000089a00000, 0x0000000089a00000| Untracked 
| 155|0x0000000089b00000, 0x0000000089b00000, 0x0000000089c00000|  0%| F|  |TAMS 0x0000000089b00000, 0x0000000089b00000| Untracked 
| 156|0x0000000089c00000, 0x0000000089c00000, 0x0000000089d00000|  0%| F|  |TAMS 0x0000000089c00000, 0x0000000089c00000| Untracked 
| 157|0x0000000089d00000, 0x0000000089d00000, 0x0000000089e00000|  0%| F|  |TAMS 0x0000000089d00000, 0x0000000089d00000| Untracked 
| 158|0x0000000089e00000, 0x0000000089e00000, 0x0000000089f00000|  0%| F|  |TAMS 0x0000000089e00000, 0x0000000089e00000| Untracked 
| 159|0x0000000089f00000, 0x0000000089f00000, 0x000000008a000000|  0%| F|  |TAMS 0x0000000089f00000, 0x0000000089f00000| Untracked 
| 160|0x000000008a000000, 0x000000008a000000, 0x000000008a100000|  0%| F|  |TAMS 0x000000008a000000, 0x000000008a000000| Untracked 
| 161|0x000000008a100000, 0x000000008a100000, 0x000000008a200000|  0%| F|  |TAMS 0x000000008a100000, 0x000000008a100000| Untracked 
| 162|0x000000008a200000, 0x000000008a200000, 0x000000008a300000|  0%| F|  |TAMS 0x000000008a200000, 0x000000008a200000| Untracked 
| 163|0x000000008a300000, 0x000000008a300000, 0x000000008a400000|  0%| F|  |TAMS 0x000000008a300000, 0x000000008a300000| Untracked 
| 164|0x000000008a400000, 0x000000008a400000, 0x000000008a500000|  0%| F|  |TAMS 0x000000008a400000, 0x000000008a400000| Untracked 
| 165|0x000000008a500000, 0x000000008a500000, 0x000000008a600000|  0%| F|  |TAMS 0x000000008a500000, 0x000000008a500000| Untracked 
| 166|0x000000008a600000, 0x000000008a600000, 0x000000008a700000|  0%| F|  |TAMS 0x000000008a600000, 0x000000008a600000| Untracked 
| 167|0x000000008a700000, 0x000000008a700000, 0x000000008a800000|  0%| F|  |TAMS 0x000000008a700000, 0x000000008a700000| Untracked 
| 168|0x000000008a800000, 0x000000008a800000, 0x000000008a900000|  0%| F|  |TAMS 0x000000008a800000, 0x000000008a800000| Untracked 
| 169|0x000000008a900000, 0x000000008a900000, 0x000000008aa00000|  0%| F|  |TAMS 0x000000008a900000, 0x000000008a900000| Untracked 
| 170|0x000000008aa00000, 0x000000008aa00000, 0x000000008ab00000|  0%| F|  |TAMS 0x000000008aa00000, 0x000000008aa00000| Untracked 
| 171|0x000000008ab00000, 0x000000008ab00000, 0x000000008ac00000|  0%| F|  |TAMS 0x000000008ab00000, 0x000000008ab00000| Untracked 
| 172|0x000000008ac00000, 0x000000008ac00000, 0x000000008ad00000|  0%| F|  |TAMS 0x000000008ac00000, 0x000000008ac00000| Untracked 
| 173|0x000000008ad00000, 0x000000008ad00000, 0x000000008ae00000|  0%| F|  |TAMS 0x000000008ad00000, 0x000000008ad00000| Untracked 
| 174|0x000000008ae00000, 0x000000008ae00000, 0x000000008af00000|  0%| F|  |TAMS 0x000000008ae00000, 0x000000008ae00000| Untracked 
| 175|0x000000008af00000, 0x000000008af00000, 0x000000008b000000|  0%| F|  |TAMS 0x000000008af00000, 0x000000008af00000| Untracked 
| 176|0x000000008b000000, 0x000000008b000000, 0x000000008b100000|  0%| F|  |TAMS 0x000000008b000000, 0x000000008b000000| Untracked 
| 177|0x000000008b100000, 0x000000008b100000, 0x000000008b200000|  0%| F|  |TAMS 0x000000008b100000, 0x000000008b100000| Untracked 
| 178|0x000000008b200000, 0x000000008b200000, 0x000000008b300000|  0%| F|  |TAMS 0x000000008b200000, 0x000000008b200000| Untracked 
| 179|0x000000008b300000, 0x000000008b300000, 0x000000008b400000|  0%| F|  |TAMS 0x000000008b300000, 0x000000008b300000| Untracked 
| 180|0x000000008b400000, 0x000000008b400000, 0x000000008b500000|  0%| F|  |TAMS 0x000000008b400000, 0x000000008b400000| Untracked 
| 181|0x000000008b500000, 0x000000008b500000, 0x000000008b600000|  0%| F|  |TAMS 0x000000008b500000, 0x000000008b500000| Untracked 
| 182|0x000000008b600000, 0x000000008b600000, 0x000000008b700000|  0%| F|  |TAMS 0x000000008b600000, 0x000000008b600000| Untracked 
| 183|0x000000008b700000, 0x000000008b700000, 0x000000008b800000|  0%| F|  |TAMS 0x000000008b700000, 0x000000008b700000| Untracked 
| 184|0x000000008b800000, 0x000000008b800000, 0x000000008b900000|  0%| F|  |TAMS 0x000000008b800000, 0x000000008b800000| Untracked 
| 185|0x000000008b900000, 0x000000008b900000, 0x000000008ba00000|  0%| F|  |TAMS 0x000000008b900000, 0x000000008b900000| Untracked 
| 186|0x000000008ba00000, 0x000000008ba00000, 0x000000008bb00000|  0%| F|  |TAMS 0x000000008ba00000, 0x000000008ba00000| Untracked 
| 187|0x000000008bb00000, 0x000000008bb00000, 0x000000008bc00000|  0%| F|  |TAMS 0x000000008bb00000, 0x000000008bb00000| Untracked 
| 188|0x000000008bc00000, 0x000000008bc00000, 0x000000008bd00000|  0%| F|  |TAMS 0x000000008bc00000, 0x000000008bc00000| Untracked 
| 189|0x000000008bd00000, 0x000000008bd00000, 0x000000008be00000|  0%| F|  |TAMS 0x000000008bd00000, 0x000000008bd00000| Untracked 
| 190|0x000000008be00000, 0x000000008be00000, 0x000000008bf00000|  0%| F|  |TAMS 0x000000008be00000, 0x000000008be00000| Untracked 
| 191|0x000000008bf00000, 0x000000008bf00000, 0x000000008c000000|  0%| F|  |TAMS 0x000000008bf00000, 0x000000008bf00000| Untracked 
| 192|0x000000008c000000, 0x000000008c000000, 0x000000008c100000|  0%| F|  |TAMS 0x000000008c000000, 0x000000008c000000| Untracked 
| 193|0x000000008c100000, 0x000000008c100000, 0x000000008c200000|  0%| F|  |TAMS 0x000000008c100000, 0x000000008c100000| Untracked 
| 194|0x000000008c200000, 0x000000008c200000, 0x000000008c300000|  0%| F|  |TAMS 0x000000008c200000, 0x000000008c200000| Untracked 
| 195|0x000000008c300000, 0x000000008c300000, 0x000000008c400000|  0%| F|  |TAMS 0x000000008c300000, 0x000000008c300000| Untracked 
| 196|0x000000008c400000, 0x000000008c400000, 0x000000008c500000|  0%| F|  |TAMS 0x000000008c400000, 0x000000008c400000| Untracked 
| 197|0x000000008c500000, 0x000000008c500000, 0x000000008c600000|  0%| F|  |TAMS 0x000000008c500000, 0x000000008c500000| Untracked 
| 198|0x000000008c600000, 0x000000008c600000, 0x000000008c700000|  0%| F|  |TAMS 0x000000008c600000, 0x000000008c600000| Untracked 
| 199|0x000000008c700000, 0x000000008c700000, 0x000000008c800000|  0%| F|  |TAMS 0x000000008c700000, 0x000000008c700000| Untracked 
| 200|0x000000008c800000, 0x000000008c800000, 0x000000008c900000|  0%| F|  |TAMS 0x000000008c800000, 0x000000008c800000| Untracked 
| 201|0x000000008c900000, 0x000000008c900000, 0x000000008ca00000|  0%| F|  |TAMS 0x000000008c900000, 0x000000008c900000| Untracked 
| 202|0x000000008ca00000, 0x000000008ca00000, 0x000000008cb00000|  0%| F|  |TAMS 0x000000008ca00000, 0x000000008ca00000| Untracked 
| 203|0x000000008cb00000, 0x000000008cb00000, 0x000000008cc00000|  0%| F|  |TAMS 0x000000008cb00000, 0x000000008cb00000| Untracked 
| 204|0x000000008cc00000, 0x000000008cc00000, 0x000000008cd00000|  0%| F|  |TAMS 0x000000008cc00000, 0x000000008cc00000| Untracked 
| 205|0x000000008cd00000, 0x000000008cd00000, 0x000000008ce00000|  0%| F|  |TAMS 0x000000008cd00000, 0x000000008cd00000| Untracked 
| 206|0x000000008ce00000, 0x000000008ce00000, 0x000000008cf00000|  0%| F|  |TAMS 0x000000008ce00000, 0x000000008ce00000| Untracked 
| 207|0x000000008cf00000, 0x000000008cf00000, 0x000000008d000000|  0%| F|  |TAMS 0x000000008cf00000, 0x000000008cf00000| Untracked 
| 208|0x000000008d000000, 0x000000008d000000, 0x000000008d100000|  0%| F|  |TAMS 0x000000008d000000, 0x000000008d000000| Untracked 
| 209|0x000000008d100000, 0x000000008d100000, 0x000000008d200000|  0%| F|  |TAMS 0x000000008d100000, 0x000000008d100000| Untracked 
| 210|0x000000008d200000, 0x000000008d200000, 0x000000008d300000|  0%| F|  |TAMS 0x000000008d200000, 0x000000008d200000| Untracked 
| 211|0x000000008d300000, 0x000000008d300000, 0x000000008d400000|  0%| F|  |TAMS 0x000000008d300000, 0x000000008d300000| Untracked 
| 212|0x000000008d400000, 0x000000008d400000, 0x000000008d500000|  0%| F|  |TAMS 0x000000008d400000, 0x000000008d400000| Untracked 
| 213|0x000000008d500000, 0x000000008d500000, 0x000000008d600000|  0%| F|  |TAMS 0x000000008d500000, 0x000000008d500000| Untracked 
| 214|0x000000008d600000, 0x000000008d600000, 0x000000008d700000|  0%| F|  |TAMS 0x000000008d600000, 0x000000008d600000| Untracked 
| 215|0x000000008d700000, 0x000000008d700000, 0x000000008d800000|  0%| F|  |TAMS 0x000000008d700000, 0x000000008d700000| Untracked 
| 216|0x000000008d800000, 0x000000008d800000, 0x000000008d900000|  0%| F|  |TAMS 0x000000008d800000, 0x000000008d800000| Untracked 
| 217|0x000000008d900000, 0x000000008d900000, 0x000000008da00000|  0%| F|  |TAMS 0x000000008d900000, 0x000000008d900000| Untracked 
| 218|0x000000008da00000, 0x000000008da00000, 0x000000008db00000|  0%| F|  |TAMS 0x000000008da00000, 0x000000008da00000| Untracked 
| 219|0x000000008db00000, 0x000000008db7fc10, 0x000000008dc00000| 49%| E|  |TAMS 0x000000008db00000, 0x000000008db00000| Complete 
| 220|0x000000008dc00000, 0x000000008dcefc30, 0x000000008dd00000| 93%| E|  |TAMS 0x000000008dc00000, 0x000000008dc00000| Complete 
| 221|0x000000008dd00000, 0x000000008de00000, 0x000000008de00000|100%| E|CS|TAMS 0x000000008dd00000, 0x000000008dd00000| Complete 
| 222|0x000000008de00000, 0x000000008df00000, 0x000000008df00000|100%| E|CS|TAMS 0x000000008de00000, 0x000000008de00000| Complete 
| 223|0x000000008df00000, 0x000000008e000000, 0x000000008e000000|100%| E|CS|TAMS 0x000000008df00000, 0x000000008df00000| Complete 
| 224|0x000000008e000000, 0x000000008e100000, 0x000000008e100000|100%| E|CS|TAMS 0x000000008e000000, 0x000000008e000000| Complete 
| 225|0x000000008e100000, 0x000000008e200000, 0x000000008e200000|100%| E|CS|TAMS 0x000000008e100000, 0x000000008e100000| Complete 
| 226|0x000000008e200000, 0x000000008e300000, 0x000000008e300000|100%| E|CS|TAMS 0x000000008e200000, 0x000000008e200000| Complete 
| 227|0x000000008e300000, 0x000000008e400000, 0x000000008e400000|100%| E|CS|TAMS 0x000000008e300000, 0x000000008e300000| Complete 
| 228|0x000000008e400000, 0x000000008e500000, 0x000000008e500000|100%| E|CS|TAMS 0x000000008e400000, 0x000000008e400000| Complete 
| 229|0x000000008e500000, 0x000000008e600000, 0x000000008e600000|100%| E|CS|TAMS 0x000000008e500000, 0x000000008e500000| Complete 
| 230|0x000000008e600000, 0x000000008e700000, 0x000000008e700000|100%| E|CS|TAMS 0x000000008e600000, 0x000000008e600000| Complete 
| 231|0x000000008e700000, 0x000000008e800000, 0x000000008e800000|100%| E|CS|TAMS 0x000000008e700000, 0x000000008e700000| Complete 
| 232|0x000000008e800000, 0x000000008e900000, 0x000000008e900000|100%| E|CS|TAMS 0x000000008e800000, 0x000000008e800000| Complete 
| 233|0x000000008e900000, 0x000000008ea00000, 0x000000008ea00000|100%| E|CS|TAMS 0x000000008e900000, 0x000000008e900000| Complete 
| 234|0x000000008ea00000, 0x000000008eb00000, 0x000000008eb00000|100%| E|CS|TAMS 0x000000008ea00000, 0x000000008ea00000| Complete 
| 235|0x000000008eb00000, 0x000000008ec00000, 0x000000008ec00000|100%| E|CS|TAMS 0x000000008eb00000, 0x000000008eb00000| Complete 
| 236|0x000000008ec00000, 0x000000008ed00000, 0x000000008ed00000|100%| E|CS|TAMS 0x000000008ec00000, 0x000000008ec00000| Complete 
| 237|0x000000008ed00000, 0x000000008ee00000, 0x000000008ee00000|100%| E|CS|TAMS 0x000000008ed00000, 0x000000008ed00000| Complete 
| 238|0x000000008ee00000, 0x000000008ef00000, 0x000000008ef00000|100%| E|CS|TAMS 0x000000008ee00000, 0x000000008ee00000| Complete 
| 239|0x000000008ef00000, 0x000000008f000000, 0x000000008f000000|100%| E|CS|TAMS 0x000000008ef00000, 0x000000008ef00000| Complete 
| 240|0x000000008f000000, 0x000000008f100000, 0x000000008f100000|100%| E|CS|TAMS 0x000000008f000000, 0x000000008f000000| Complete 
| 241|0x000000008f100000, 0x000000008f200000, 0x000000008f200000|100%| E|CS|TAMS 0x000000008f100000, 0x000000008f100000| Complete 
| 242|0x000000008f200000, 0x000000008f300000, 0x000000008f300000|100%| E|CS|TAMS 0x000000008f200000, 0x000000008f200000| Complete 
| 243|0x000000008f300000, 0x000000008f400000, 0x000000008f400000|100%| E|CS|TAMS 0x000000008f300000, 0x000000008f300000| Complete 
| 244|0x000000008f400000, 0x000000008f500000, 0x000000008f500000|100%| E|CS|TAMS 0x000000008f400000, 0x000000008f400000| Complete 
| 245|0x000000008f500000, 0x000000008f600000, 0x000000008f600000|100%| E|CS|TAMS 0x000000008f500000, 0x000000008f500000| Complete 
| 246|0x000000008f600000, 0x000000008f700000, 0x000000008f700000|100%| E|CS|TAMS 0x000000008f600000, 0x000000008f600000| Complete 
| 247|0x000000008f700000, 0x000000008f800000, 0x000000008f800000|100%| E|CS|TAMS 0x000000008f700000, 0x000000008f700000| Complete 
| 248|0x000000008f800000, 0x000000008f900000, 0x000000008f900000|100%| E|CS|TAMS 0x000000008f800000, 0x000000008f800000| Complete 
| 249|0x000000008f900000, 0x000000008fa00000, 0x000000008fa00000|100%| E|CS|TAMS 0x000000008f900000, 0x000000008f900000| Complete 
| 250|0x000000008fa00000, 0x000000008fb00000, 0x000000008fb00000|100%| E|CS|TAMS 0x000000008fa00000, 0x000000008fa00000| Complete 
| 251|0x000000008fb00000, 0x000000008fc00000, 0x000000008fc00000|100%| E|CS|TAMS 0x000000008fb00000, 0x000000008fb00000| Complete 
| 252|0x000000008fc00000, 0x000000008fd00000, 0x000000008fd00000|100%| E|CS|TAMS 0x000000008fc00000, 0x000000008fc00000| Complete 
| 253|0x000000008fd00000, 0x000000008fe00000, 0x000000008fe00000|100%| E|CS|TAMS 0x000000008fd00000, 0x000000008fd00000| Complete 
| 254|0x000000008fe00000, 0x000000008ff00000, 0x000000008ff00000|100%| E|CS|TAMS 0x000000008fe00000, 0x000000008fe00000| Complete 
| 255|0x000000008ff00000, 0x0000000090000000, 0x0000000090000000|100%| E|CS|TAMS 0x000000008ff00000, 0x000000008ff00000| Complete 

Card table byte_map: [0x0000020ad2fb0000,0x0000020ad33b0000] _byte_map_base: 0x0000020ad2bb0000

Marking Bits (Prev, Next): (CMBitMap*) 0x0000020ac00fe218, (CMBitMap*) 0x0000020ac00fe250
 Prev Bits: [0x0000020ad37b0000, 0x0000020ad57b0000)
 Next Bits: [0x0000020ad57b0000, 0x0000020ad77b0000)

Polling page: 0x0000020abe220000

Metaspace:

Usage:
  Non-class:     32.99 MB capacity,    32.42 MB ( 98%) used,   494.23 KB (  1%) free+waste,    87.88 KB ( <1%) overhead. 
      Class:      5.05 MB capacity,     4.73 MB ( 94%) used,   293.63 KB (  6%) free+waste,    42.19 KB ( <1%) overhead. 
       Both:     38.04 MB capacity,    37.15 MB ( 98%) used,   787.86 KB (  2%) free+waste,   130.06 KB ( <1%) overhead. 

Virtual space:
  Non-class space:       34.00 MB reserved,      33.00 MB ( 97%) committed 
      Class space:        1.00 GB reserved,       5.13 MB ( <1%) committed 
             Both:        1.03 GB reserved,      38.13 MB (  4%) committed 

Chunk freelists:
   Non-Class:  10.00 KB
       Class:  8.00 KB
        Both:  18.00 KB

MaxMetaspaceSize: 17179869184.00 GB
CompressedClassSpaceSize: 1.00 GB

CodeHeap 'non-profiled nmethods': size=120064Kb used=1738Kb max_used=1738Kb free=118325Kb
 bounds [0x0000020acb670000, 0x0000020acb8e0000, 0x0000020ad2bb0000]
CodeHeap 'profiled nmethods': size=120000Kb used=7274Kb max_used=7274Kb free=112725Kb
 bounds [0x0000020ac4140000, 0x0000020ac4860000, 0x0000020acb670000]
CodeHeap 'non-nmethods': size=5696Kb used=1515Kb max_used=1546Kb free=4180Kb
 bounds [0x0000020ac3bb0000, 0x0000020ac3e20000, 0x0000020ac4140000]
 total_blobs=4039 nmethods=3413 adapters=537
 compilation: enabled
              stopped_count=0, restarted_count=0
 full_count=0

Compilation events (20 events):
Event: 16.395 Thread 0x0000020ada570800 3416       3       java.util.ArrayList::addAll (76 bytes)
Event: 16.395 Thread 0x0000020ada570800 nmethod 3416 0x0000020ac4856b90 code [0x0000020ac4856da0, 0x0000020ac4857398]
Event: 16.396 Thread 0x0000020ada570800 3417       3       org.codehaus.groovy.util.ComplexKeyHashMap$1::hasNext (13 bytes)
Event: 16.396 Thread 0x0000020ada570800 nmethod 3417 0x0000020ac4857610 code [0x0000020ac48577c0, 0x0000020ac4857918]
Event: 16.397 Thread 0x0000020ada570800 3418       3       org.codehaus.groovy.reflection.CachedClass::getName (8 bytes)
Event: 16.397 Thread 0x0000020ada570800 nmethod 3418 0x0000020ac4857990 code [0x0000020ac4857b60, 0x0000020ac4857d68]
Event: 16.403 Thread 0x0000020ada570800 3420       3       org.codehaus.groovy.reflection.CachedMethod::compareToMethod (125 bytes)
Event: 16.405 Thread 0x0000020ada570800 nmethod 3420 0x0000020ac4857e90 code [0x0000020ac4858160, 0x0000020ac4858f48]
Event: 16.405 Thread 0x0000020ada570800 3419       3       org.codehaus.groovy.reflection.CachedMethod$MyComparator::compare (43 bytes)
Event: 16.405 Thread 0x0000020ada570800 nmethod 3419 0x0000020ac4859510 code [0x0000020ac4859780, 0x0000020ac485a528]
Event: 16.420 Thread 0x0000020ada567000 nmethod 3386 0x0000020acb81ce90 code [0x0000020acb81d160, 0x0000020acb81fcd0]
Event: 16.420 Thread 0x0000020ada567000 3400       4       java.util.regex.Matcher::search (154 bytes)
Event: 16.446 Thread 0x0000020ada567000 nmethod 3400 0x0000020acb821190 code [0x0000020acb8213c0, 0x0000020acb821d78]
Event: 16.446 Thread 0x0000020ada567000 3403   !   4       jdk.internal.loader.URLClassPath$JarLoader::getResource (353 bytes)
Event: 16.541 Thread 0x0000020ada570800 3422       3       org.codehaus.groovy.util.ComplexKeyHashMap$1::next (5 bytes)
Event: 16.542 Thread 0x0000020ada570800 nmethod 3422 0x0000020ac485a790 code [0x0000020ac485a940, 0x0000020ac485aa88]
Event: 16.542 Thread 0x0000020ada570800 3423       1       groovy.lang.MetaBeanProperty::getGetter (5 bytes)
Event: 16.542 Thread 0x0000020ada570800 nmethod 3423 0x0000020acb822410 code [0x0000020acb8225c0, 0x0000020acb822678]
Event: 16.542 Thread 0x0000020ada570800 3424       1       groovy.lang.MetaBeanProperty::getField (5 bytes)
Event: 16.542 Thread 0x0000020ada570800 nmethod 3424 0x0000020acb822710 code [0x0000020acb8228c0, 0x0000020acb822978]

GC Heap History (10 events):
Event: 1.039 GC heap before
{Heap before GC invocations=0 (full 0):
 garbage-first heap   total 262144K, used 19456K [0x0000000080000000, 0x0000000100000000)
  region size 1024K, 14 young (14336K), 0 survivors (0K)
 Metaspace       used 6728K, capacity 6921K, committed 7168K, reserved 1056768K
  class space    used 582K, capacity 650K, committed 768K, reserved 1048576K
}
Event: 1.043 GC heap after
{Heap after GC invocations=1 (full 0):
 garbage-first heap   total 262144K, used 7894K [0x0000000080000000, 0x0000000100000000)
  region size 1024K, 2 young (2048K), 2 survivors (2048K)
 Metaspace       used 6728K, capacity 6921K, committed 7168K, reserved 1056768K
  class space    used 582K, capacity 650K, committed 768K, reserved 1048576K
}
Event: 1.499 GC heap before
{Heap before GC invocations=1 (full 0):
 garbage-first heap   total 262144K, used 19158K [0x0000000080000000, 0x0000000100000000)
  region size 1024K, 13 young (13312K), 2 survivors (2048K)
 Metaspace       used 9816K, capacity 9986K, committed 10112K, reserved 1058816K
  class space    used 1022K, capacity 1102K, committed 1152K, reserved 1048576K
}
Event: 1.502 GC heap after
{Heap after GC invocations=2 (full 0):
 garbage-first heap   total 262144K, used 9026K [0x0000000080000000, 0x0000000100000000)
  region size 1024K, 2 young (2048K), 2 survivors (2048K)
 Metaspace       used 9816K, capacity 9986K, committed 10112K, reserved 1058816K
  class space    used 1022K, capacity 1102K, committed 1152K, reserved 1048576K
}
Event: 2.217 GC heap before
{Heap before GC invocations=2 (full 0):
 garbage-first heap   total 262144K, used 39746K [0x0000000080000000, 0x0000000100000000)
  region size 1024K, 32 young (32768K), 2 survivors (2048K)
 Metaspace       used 10764K, capacity 11003K, committed 11264K, reserved 1058816K
  class space    used 1125K, capacity 1206K, committed 1280K, reserved 1048576K
}
Event: 2.221 GC heap after
{Heap after GC invocations=3 (full 0):
 garbage-first heap   total 262144K, used 11079K [0x0000000080000000, 0x0000000100000000)
  region size 1024K, 4 young (4096K), 4 survivors (4096K)
 Metaspace       used 10764K, capacity 11003K, committed 11264K, reserved 1058816K
  class space    used 1125K, capacity 1206K, committed 1280K, reserved 1048576K
}
Event: 10.331 GC heap before
{Heap before GC invocations=3 (full 0):
 garbage-first heap   total 262144K, used 76615K [0x0000000080000000, 0x0000000100000000)
  region size 1024K, 69 young (70656K), 4 survivors (4096K)
 Metaspace       used 20619K, capacity 21119K, committed 21248K, reserved 1067008K
  class space    used 2515K, capacity 2720K, committed 2816K, reserved 1048576K
}
Event: 10.342 GC heap after
{Heap after GC invocations=4 (full 0):
 garbage-first heap   total 262144K, used 16212K [0x0000000080000000, 0x0000000100000000)
  region size 1024K, 9 young (9216K), 9 survivors (9216K)
 Metaspace       used 20619K, capacity 21119K, committed 21248K, reserved 1067008K
  class space    used 2515K, capacity 2720K, committed 2816K, reserved 1048576K
}
Event: 14.201 GC heap before
{Heap before GC invocations=5 (full 0):
 garbage-first heap   total 262144K, used 125780K [0x0000000080000000, 0x0000000100000000)
  region size 1024K, 118 young (120832K), 9 survivors (9216K)
 Metaspace       used 35005K, capacity 35799K, committed 35840K, reserved 1081344K
  class space    used 4532K, capacity 4832K, committed 4864K, reserved 1048576K
}
Event: 14.224 GC heap after
{Heap after GC invocations=6 (full 0):
 garbage-first heap   total 262144K, used 22221K [0x0000000080000000, 0x0000000100000000)
  region size 1024K, 14 young (14336K), 14 survivors (14336K)
 Metaspace       used 35005K, capacity 35799K, committed 35840K, reserved 1081344K
  class space    used 4532K, capacity 4832K, committed 4864K, reserved 1048576K
}

Deoptimization events (20 events):
Event: 16.182 Thread 0x0000020add8a0800 Uncommon trap: trap_request=0xffffffbe fr.pc=0x0000020acb816dec relative=0x000000000000070c
Event: 16.182 Thread 0x0000020add8a0800 Uncommon trap: reason=profile_predicate action=maybe_recompile pc=0x0000020acb816dec method=java.lang.PublicMethods$MethodList.filter([Ljava/lang/reflect/Method;Ljava/lang/String;[Ljava/lang/Class;Z)Ljava/lang/PublicMethods$MethodList; @ 21 c2
Event: 16.182 Thread 0x0000020add8a0800 DEOPT PACKING pc=0x0000020acb816dec sp=0x0000009a0b9f8b50
Event: 16.182 Thread 0x0000020add8a0800 DEOPT UNPACKING pc=0x0000020ac3bd78af sp=0x0000009a0b9f8b08 mode 2
Event: 16.379 Thread 0x0000020add8a0800 Uncommon trap: trap_request=0xffffffde fr.pc=0x0000020acb7f0110 relative=0x0000000000000470
Event: 16.379 Thread 0x0000020add8a0800 Uncommon trap: reason=class_check action=maybe_recompile pc=0x0000020acb7f0110 method=java.util.regex.Pattern$Start.match(Ljava/util/regex/Matcher;ILjava/lang/CharSequence;)Z @ 44 c2
Event: 16.379 Thread 0x0000020add8a0800 DEOPT PACKING pc=0x0000020acb7f0110 sp=0x0000009a0b9f7a30
Event: 16.379 Thread 0x0000020add8a0800 DEOPT UNPACKING pc=0x0000020ac3bd78af sp=0x0000009a0b9f78f8 mode 2
Event: 16.379 Thread 0x0000020add8a0800 Uncommon trap: trap_request=0xffffffde fr.pc=0x0000020acb7f0110 relative=0x0000000000000470
Event: 16.379 Thread 0x0000020add8a0800 Uncommon trap: reason=class_check action=maybe_recompile pc=0x0000020acb7f0110 method=java.util.regex.Pattern$Start.match(Ljava/util/regex/Matcher;ILjava/lang/CharSequence;)Z @ 44 c2
Event: 16.379 Thread 0x0000020add8a0800 DEOPT PACKING pc=0x0000020acb7f0110 sp=0x0000009a0b9f7a30
Event: 16.379 Thread 0x0000020add8a0800 DEOPT UNPACKING pc=0x0000020ac3bd78af sp=0x0000009a0b9f78f8 mode 2
Event: 16.380 Thread 0x0000020add8a0800 Uncommon trap: trap_request=0xffffffde fr.pc=0x0000020acb7d736c relative=0x000000000000044c
Event: 16.380 Thread 0x0000020add8a0800 Uncommon trap: reason=class_check action=maybe_recompile pc=0x0000020acb7d736c method=java.util.regex.Pattern$Start.match(Ljava/util/regex/Matcher;ILjava/lang/CharSequence;)Z @ 44 c2
Event: 16.380 Thread 0x0000020add8a0800 DEOPT PACKING pc=0x0000020acb7d736c sp=0x0000009a0b9f79b0
Event: 16.380 Thread 0x0000020add8a0800 DEOPT UNPACKING pc=0x0000020ac3bd78af sp=0x0000009a0b9f78f0 mode 2
Event: 16.395 Thread 0x0000020add8a0800 Uncommon trap: trap_request=0xffffffbe fr.pc=0x0000020acb7dbe08 relative=0x0000000000003c68
Event: 16.395 Thread 0x0000020add8a0800 Uncommon trap: reason=profile_predicate action=maybe_recompile pc=0x0000020acb7dbe08 method=java.util.AbstractCollection.addAll(Ljava/util/Collection;)Z @ 15 c2
Event: 16.395 Thread 0x0000020add8a0800 DEOPT PACKING pc=0x0000020acb7dbe08 sp=0x0000009a0b9f9930
Event: 16.395 Thread 0x0000020add8a0800 DEOPT UNPACKING pc=0x0000020ac3bd78af sp=0x0000009a0b9f9948 mode 2

Classes redefined (0 events):
No events

Internal exceptions (20 events):
Event: 16.116 Thread 0x0000020add8a0800 Exception <a 'java/lang/ClassNotFoundException'{0x000000008e2cb540}: groovy/lang/BindingBeanInfo> (0x000000008e2cb540) thrown at [./src/hotspot/share/classfile/systemDictionary.cpp, line 231]
Event: 16.117 Thread 0x0000020add8a0800 Exception <a 'java/lang/ClassNotFoundException'{0x000000008e2eb4a0}: groovy/lang/BindingCustomizer> (0x000000008e2eb4a0) thrown at [./src/hotspot/share/classfile/systemDictionary.cpp, line 231]
Event: 16.144 Thread 0x0000020add8a0800 Exception <a 'java/lang/ClassNotFoundException'{0x000000008e048938}: settings_aj6k7t9mb2xqhephqghzhpz9tBeanInfo> (0x000000008e048938) thrown at [./src/hotspot/share/classfile/systemDictionary.cpp, line 231]
Event: 16.144 Thread 0x0000020add8a0800 Exception <a 'java/lang/ClassNotFoundException'{0x000000008e05d6a0}: org/gradle/initialization/SettingsScriptBeanInfo> (0x000000008e05d6a0) thrown at [./src/hotspot/share/classfile/systemDictionary.cpp, line 231]
Event: 16.145 Thread 0x0000020add8a0800 Exception <a 'java/lang/ClassNotFoundException'{0x000000008e073768}: org/gradle/plugin/use/internal/PluginsAwareScriptBeanInfo> (0x000000008e073768) thrown at [./src/hotspot/share/classfile/systemDictionary.cpp, line 231]
Event: 16.146 Thread 0x0000020add8a0800 Exception <a 'java/lang/ClassNotFoundException'{0x000000008e0887b0}: org/gradle/groovy/scripts/DefaultScriptBeanInfo> (0x000000008e0887b0) thrown at [./src/hotspot/share/classfile/systemDictionary.cpp, line 231]
Event: 16.146 Thread 0x0000020add8a0800 Exception <a 'java/lang/ClassNotFoundException'{0x000000008e09d398}: org/gradle/groovy/scripts/BasicScriptBeanInfo> (0x000000008e09d398) thrown at [./src/hotspot/share/classfile/systemDictionary.cpp, line 231]
Event: 16.147 Thread 0x0000020add8a0800 Exception <a 'java/lang/ClassNotFoundException'{0x000000008e0b13f0}: org/gradle/groovy/scripts/ScriptBeanInfo> (0x000000008e0b13f0) thrown at [./src/hotspot/share/classfile/systemDictionary.cpp, line 231]
Event: 16.148 Thread 0x0000020add8a0800 Exception <a 'java/lang/ClassNotFoundException'{0x000000008e0d1ad0}: groovy/lang/ScriptBeanInfo> (0x000000008e0d1ad0) thrown at [./src/hotspot/share/classfile/systemDictionary.cpp, line 231]
Event: 16.149 Thread 0x0000020add8a0800 Exception <a 'java/lang/ClassNotFoundException'{0x000000008e0f26f8}: groovy/lang/ScriptCustomizer> (0x000000008e0f26f8) thrown at [./src/hotspot/share/classfile/systemDictionary.cpp, line 231]
Event: 16.162 Thread 0x0000020add8a0800 Exception <a 'java/lang/ClassNotFoundException'{0x000000008df0e760}: org/gradle/groovy/scripts/ScriptCustomizer> (0x000000008df0e760) thrown at [./src/hotspot/share/classfile/systemDictionary.cpp, line 231]
Event: 16.164 Thread 0x0000020add8a0800 Exception <a 'java/lang/ClassNotFoundException'{0x000000008df29f80}: org/gradle/groovy/scripts/BasicScriptCustomizer> (0x000000008df29f80) thrown at [./src/hotspot/share/classfile/systemDictionary.cpp, line 231]
Event: 16.166 Thread 0x0000020add8a0800 Exception <a 'java/lang/ClassNotFoundException'{0x000000008df4b300}: org/gradle/groovy/scripts/DefaultScriptCustomizer> (0x000000008df4b300) thrown at [./src/hotspot/share/classfile/systemDictionary.cpp, line 231]
Event: 16.175 Thread 0x0000020add8a0800 Exception <a 'java/lang/ClassNotFoundException'{0x000000008df99a30}: org/gradle/plugin/use/internal/PluginsAwareScriptCustomizer> (0x000000008df99a30) thrown at [./src/hotspot/share/classfile/systemDictionary.cpp, line 231]
Event: 16.176 Thread 0x0000020add8a0800 Exception <a 'java/lang/ClassNotFoundException'{0x000000008dfb7070}: org/gradle/initialization/SettingsScriptCustomizer> (0x000000008dfb7070) thrown at [./src/hotspot/share/classfile/systemDictionary.cpp, line 231]
Event: 16.177 Thread 0x0000020add8a0800 Exception <a 'java/lang/ClassNotFoundException'{0x000000008dfc9e60}: settings_aj6k7t9mb2xqhephqghzhpz9tCustomizer> (0x000000008dfc9e60) thrown at [./src/hotspot/share/classfile/systemDictionary.cpp, line 231]
Event: 16.371 Thread 0x0000020add8a0800 Exception <a 'java/lang/ClassNotFoundException'{0x000000008dd28480}: groovy/lang/Closure$1BeanInfo> (0x000000008dd28480) thrown at [./src/hotspot/share/classfile/systemDictionary.cpp, line 231]
Event: 16.373 Thread 0x0000020add8a0800 Exception <a 'java/lang/ClassNotFoundException'{0x000000008dd5aa30}: groovy/lang/ClosureBeanInfo> (0x000000008dd5aa30) thrown at [./src/hotspot/share/classfile/systemDictionary.cpp, line 231]
Event: 16.374 Thread 0x0000020add8a0800 Exception <a 'java/lang/ClassNotFoundException'{0x000000008dd8d2d8}: groovy/lang/ClosureCustomizer> (0x000000008dd8d2d8) thrown at [./src/hotspot/share/classfile/systemDictionary.cpp, line 231]
Event: 16.382 Thread 0x0000020add8a0800 Exception <a 'java/lang/ClassNotFoundException'{0x000000008dde2850}: groovy/lang/Closure$1Customizer> (0x000000008dde2850) thrown at [./src/hotspot/share/classfile/systemDictionary.cpp, line 231]

Events (20 events):
Event: 16.383 Executing VM operation: RevokeBias
Event: 16.384 Executing VM operation: RevokeBias done
Event: 16.389 loading class java/lang/invoke/BoundMethodHandle$Species_LLLLLLLI
Event: 16.389 loading class java/lang/invoke/BoundMethodHandle$Species_LLLLLLLI done
Event: 16.390 loading class java/lang/invoke/BoundMethodHandle$Species_LLLLLLLII
Event: 16.390 loading class java/lang/invoke/BoundMethodHandle$Species_LLLLLLLII done
Event: 16.391 loading class java/lang/invoke/BoundMethodHandle$Species_LLLLLLLIIL
Event: 16.393 loading class java/lang/invoke/BoundMethodHandle$Species_LLLLLLLIIL done
Event: 16.396 loading class org/codehaus/groovy/runtime/callsite/BooleanClosureWrapper
Event: 16.396 loading class org/codehaus/groovy/runtime/callsite/BooleanClosureWrapper done
Event: 16.398 loading class groovy/runtime/metaclass/settings_aj6k7t9mb2xqhephqghzhpz9t$_run_closure1MetaClass
Event: 16.398 loading class groovy/runtime/metaclass/settings_aj6k7t9mb2xqhephqghzhpz9t$_run_closure1MetaClass done
Event: 16.398 loading class org/codehaus/groovy/runtime/metaclass/ClosureMetaClass
Event: 16.398 loading class org/codehaus/groovy/runtime/metaclass/ClosureMetaClass done
Event: 16.400 loading class org/codehaus/groovy/runtime/metaclass/ClosureMetaClass$MethodChooser
Event: 16.400 loading class org/codehaus/groovy/runtime/metaclass/ClosureMetaClass$MethodChooser done
Event: 16.542 loading class org/codehaus/groovy/runtime/metaclass/ClosureMetaClass$StandardClosureChooser
Event: 16.542 loading class org/codehaus/groovy/runtime/metaclass/ClosureMetaClass$StandardClosureChooser done
Event: 16.543 loading class org/codehaus/groovy/runtime/ArrayUtil
Event: 16.543 loading class org/codehaus/groovy/runtime/ArrayUtil done


Dynamic libraries:
0x00007ff7856a0000 - 0x00007ff7856aa000 	C:\Program Files\Android\Android Studio\jre\bin\java.exe
0x00007ff95d1d0000 - 0x00007ff95d3c5000 	C:\WINDOWS\SYSTEM32\ntdll.dll
0x00007ff95cc10000 - 0x00007ff95ccce000 	C:\WINDOWS\System32\KERNEL32.DLL
0x00007ff95a8f0000 - 0x00007ff95abb8000 	C:\WINDOWS\System32\KERNELBASE.dll
0x00007ff95ad90000 - 0x00007ff95ae90000 	C:\WINDOWS\System32\ucrtbase.dll
0x00007ff90c540000 - 0x00007ff90c557000 	C:\Program Files\Android\Android Studio\jre\bin\VCRUNTIME140.dll
0x00007ff911b80000 - 0x00007ff911b99000 	C:\Program Files\Android\Android Studio\jre\bin\jli.dll
0x00007ff95b6e0000 - 0x00007ff95b880000 	C:\WINDOWS\System32\USER32.dll
0x00007ff95b200000 - 0x00007ff95b222000 	C:\WINDOWS\System32\win32u.dll
0x00007ff95ccd0000 - 0x00007ff95ccfa000 	C:\WINDOWS\System32\GDI32.dll
0x00007ff95b0f0000 - 0x00007ff95b1fb000 	C:\WINDOWS\System32\gdi32full.dll
0x00007ff95abc0000 - 0x00007ff95ac5d000 	C:\WINDOWS\System32\msvcp_win.dll
0x00007ff94b8d0000 - 0x00007ff94bb6a000 	C:\WINDOWS\WinSxS\amd64_microsoft.windows.common-controls_6595b64144ccf1df_6.0.19041.1110_none_60b5254171f9507e\COMCTL32.dll
0x00007ff95cb70000 - 0x00007ff95cc0e000 	C:\WINDOWS\System32\msvcrt.dll
0x00007ff95ce90000 - 0x00007ff95cec0000 	C:\WINDOWS\System32\IMM32.DLL
0x00007ff8a2550000 - 0x00007ff8a25ed000 	C:\Program Files\Android\Android Studio\jre\bin\msvcp140.dll
0x00007ff89da30000 - 0x00007ff89e4ff000 	C:\Program Files\Android\Android Studio\jre\bin\server\jvm.dll
0x00007ff95b630000 - 0x00007ff95b6de000 	C:\WINDOWS\System32\ADVAPI32.dll
0x00007ff95c560000 - 0x00007ff95c5fc000 	C:\WINDOWS\System32\sechost.dll
0x00007ff95c9d0000 - 0x00007ff95caf5000 	C:\WINDOWS\System32\RPCRT4.dll
0x00007ff95b880000 - 0x00007ff95b888000 	C:\WINDOWS\System32\PSAPI.DLL
0x00007ff94f490000 - 0x00007ff94f49a000 	C:\WINDOWS\SYSTEM32\VERSION.dll
0x00007ff947530000 - 0x00007ff947557000 	C:\WINDOWS\SYSTEM32\WINMM.dll
0x00007ff946d60000 - 0x00007ff946d69000 	C:\WINDOWS\SYSTEM32\WSOCK32.dll
0x00007ff95cb00000 - 0x00007ff95cb6b000 	C:\WINDOWS\System32\WS2_32.dll
0x00007ff959160000 - 0x00007ff959172000 	C:\WINDOWS\SYSTEM32\kernel.appcore.dll
0x00007ff944a10000 - 0x00007ff944a21000 	C:\Program Files\Android\Android Studio\jre\bin\verify.dll
0x00007ff958f40000 - 0x00007ff959124000 	C:\WINDOWS\SYSTEM32\DBGHELP.DLL
0x00007ff947910000 - 0x00007ff94793c000 	C:\WINDOWS\SYSTEM32\dbgcore.DLL
0x00007ff95ac60000 - 0x00007ff95ace2000 	C:\WINDOWS\System32\bcryptPrimitives.dll
0x00007ff93c5f0000 - 0x00007ff93c619000 	C:\Program Files\Android\Android Studio\jre\bin\java.dll
0x00007ff93c740000 - 0x00007ff93c74b000 	C:\Program Files\Android\Android Studio\jre\bin\jimage.dll
0x00007ff93c5d0000 - 0x00007ff93c5e8000 	C:\Program Files\Android\Android Studio\jre\bin\zip.dll
0x00007ff95b980000 - 0x00007ff95c0c4000 	C:\WINDOWS\System32\SHELL32.dll
0x00007ff958150000 - 0x00007ff9588e4000 	C:\WINDOWS\SYSTEM32\windows.storage.dll
0x00007ff95c670000 - 0x00007ff95c9c4000 	C:\WINDOWS\System32\combase.dll
0x00007ff95a280000 - 0x00007ff95a2ac000 	C:\WINDOWS\SYSTEM32\Wldp.dll
0x00007ff95b580000 - 0x00007ff95b62d000 	C:\WINDOWS\System32\SHCORE.dll
0x00007ff95c600000 - 0x00007ff95c655000 	C:\WINDOWS\System32\shlwapi.dll
0x00007ff95a830000 - 0x00007ff95a84f000 	C:\WINDOWS\SYSTEM32\profapi.dll
0x00007ff93c5b0000 - 0x00007ff93c5ca000 	C:\Program Files\Android\Android Studio\jre\bin\net.dll
0x00007ff953000000 - 0x00007ff95310a000 	C:\WINDOWS\SYSTEM32\WINHTTP.dll
0x00007ff95a060000 - 0x00007ff95a0ca000 	C:\WINDOWS\system32\mswsock.dll
0x00007ff93c590000 - 0x00007ff93c5a4000 	C:\Program Files\Android\Android Studio\jre\bin\nio.dll
0x00007ff902130000 - 0x00007ff902157000 	C:\Users\Jonat\.gradle\native\8bec1ad78214c89d9ad589b4d07fe93259594b29d510b10fafb7a158f7737e5d\windows-amd64\native-platform.dll
0x00007ff88a050000 - 0x00007ff88a18d000 	C:\Users\Jonat\.gradle\native\53dbd7edfb1c66fb8903c78663c9afc45aea4f116125fa6feffd364cf09443e8\windows-amd64\native-platform-file-events.dll
0x00007ff93c500000 - 0x00007ff93c50a000 	C:\Program Files\Android\Android Studio\jre\bin\management.dll
0x00007ff939520000 - 0x00007ff93952c000 	C:\Program Files\Android\Android Studio\jre\bin\management_ext.dll
0x00007ff95a420000 - 0x00007ff95a438000 	C:\WINDOWS\SYSTEM32\CRYPTSP.dll
0x00007ff959990000 - 0x00007ff9599c4000 	C:\WINDOWS\system32\rsaenh.dll
0x00007ff95acf0000 - 0x00007ff95ad17000 	C:\WINDOWS\System32\bcrypt.dll
0x00007ff95a7f0000 - 0x00007ff95a81e000 	C:\WINDOWS\SYSTEM32\USERENV.dll
0x00007ff95a1f0000 - 0x00007ff95a1fc000 	C:\WINDOWS\SYSTEM32\CRYPTBASE.dll
0x00007ff959d20000 - 0x00007ff959d5b000 	C:\WINDOWS\SYSTEM32\IPHLPAPI.DLL
0x00007ff95b360000 - 0x00007ff95b368000 	C:\WINDOWS\System32\NSI.dll
0x00007ff94f880000 - 0x00007ff94f897000 	C:\WINDOWS\SYSTEM32\dhcpcsvc6.DLL
0x00007ff94f540000 - 0x00007ff94f55d000 	C:\WINDOWS\SYSTEM32\dhcpcsvc.DLL
0x00007ff959dc0000 - 0x00007ff959e8b000 	C:\WINDOWS\SYSTEM32\DNSAPI.dll

dbghelp: loaded successfully - version: 4.0.5 - missing functions: none
symbol engine: initialized successfully - sym options: 0x614 - pdb path: .;C:\Program Files\Android\Android Studio\jre\bin;C:\WINDOWS\SYSTEM32;C:\WINDOWS\WinSxS\amd64_microsoft.windows.common-controls_6595b64144ccf1df_6.0.19041.1110_none_60b5254171f9507e;C:\Program Files\Android\Android Studio\jre\bin\server;C:\Users\Jonat\.gradle\native\8bec1ad78214c89d9ad589b4d07fe93259594b29d510b10fafb7a158f7737e5d\windows-amd64;C:\Users\Jonat\.gradle\native\53dbd7edfb1c66fb8903c78663c9afc45aea4f116125fa6feffd364cf09443e8\windows-amd64

VM Arguments:
jvm_args: --add-opens=java.base/java.util=ALL-UNNAMED --add-opens=java.base/java.lang=ALL-UNNAMED --add-opens=java.base/java.lang.invoke=ALL-UNNAMED --add-opens=java.base/java.util=ALL-UNNAMED --add-opens=java.prefs/java.util.prefs=ALL-UNNAMED --add-opens=java.prefs/java.util.prefs=ALL-UNNAMED --add-opens=java.base/java.nio.charset=ALL-UNNAMED --add-opens=java.base/java.net=ALL-UNNAMED --add-opens=java.base/java.util.concurrent.atomic=ALL-UNNAMED -Xmx2048m -Dfile.encoding=UTF-8 -Duser.country=US -Duser.language=en -Duser.variant 
java_command: org.gradle.launcher.daemon.bootstrap.GradleDaemon 7.0.2
java_class_path (initial): C:\Users\Jonat\.gradle\wrapper\dists\gradle-7.0.2-bin\857tjihv64xamwrf0h14cai3r\gradle-7.0.2\lib\gradle-launcher-7.0.2.jar
Launcher Type: SUN_STANDARD

[Global flags]
     intx CICompilerCount                          = 3                                         {product} {ergonomic}
     uint ConcGCThreads                            = 1                                         {product} {ergonomic}
     uint G1ConcRefinementThreads                  = 4                                         {product} {ergonomic}
   size_t G1HeapRegionSize                         = 1048576                                   {product} {ergonomic}
    uintx GCDrainStackTargetSize                   = 64                                        {product} {ergonomic}
   size_t InitialHeapSize                          = 268435456                                 {product} {ergonomic}
   size_t MarkStackSize                            = 4194304                                   {product} {ergonomic}
   size_t MaxHeapSize                              = 2147483648                                {product} {command line}
   size_t MaxNewSize                               = 1287651328                                {product} {ergonomic}
   size_t MinHeapDeltaBytes                        = 1048576                                   {product} {ergonomic}
    uintx NonNMethodCodeHeapSize                   = 5830732                                {pd product} {ergonomic}
    uintx NonProfiledCodeHeapSize                  = 122913754                              {pd product} {ergonomic}
    uintx ProfiledCodeHeapSize                     = 122913754                              {pd product} {ergonomic}
    uintx ReservedCodeCacheSize                    = 251658240                              {pd product} {ergonomic}
     bool SegmentedCodeCache                       = true                                      {product} {ergonomic}
     bool UseCompressedClassPointers               = true                                 {lp64_product} {ergonomic}
     bool UseCompressedOops                        = true                                 {lp64_product} {ergonomic}
     bool UseG1GC                                  = true                                      {product} {ergonomic}
     bool UseLargePagesIndividualAllocation        = false                                  {pd product} {ergonomic}

Logging:
Log output configuration:
 #0: stdout all=warning uptime,level,tags
 #1: stderr all=off uptime,level,tags

Environment Variables:
JAVA_HOME=C:\Program Files\OpenJDK\openjdk-8u282-b08
PATH=C:\Program Files (x86)\NVIDIA Corporation\PhysX\Common;C:\Program Files\Common Files\Oracle\Java\javapath;C:\WINDOWS\system32;C:\WINDOWS;C:\WINDOWS\System32\Wbem;C:\WINDOWS\System32\WindowsPowerShell\v1.0\;C:\WINDOWS\System32\OpenSSH\;C:\Program Files\dotnet\;C:\ProgramData\chocolatey\bin;C:\Program Files\nodejs\;C:\Program Files\OpenJDK\openjdk-8u282-b08\bin;C:\Program Files\Docker\Docker\resources\bin;C:\ProgramData\DockerDesktop\version-bin;C:\Program Files\Wolfram Research\WolframScript\;C:\Program Files\Cloudflare\Cloudflare WARP\;C:\Program Files\Git\cmd;C:\Ruby27-x64\bin;C:\Users\Jonat\AppData\Local\Microsoft\WindowsApps;C:\Users\Jonat\AppData\Local\Programs\Microsoft VS Code\bin;C:\Users\Jonat\AppData\Local\atom\bin;C:\Users\Jonat\.dotnet\tools;C:\Users\Jonat\AppData\Local\GitHubDesktop\bin;C:\Users\Jonat\AppData\Roaming\npm;C:\Users\Jonat\AppData\Local\Programs\MiKTeX\miktex\bin\x64\;C:\Users\Jonat\AppData\Local\Android\Sdk\platform-tools;C:\Program Files\IBM\Cloud\bin;C:\Program Files (x86)\GitHub CLI\;C:\Program Files\heroku\bin;C:\Program Files\Java\jdk-14.0.1\bin;
USERNAME=Jonat
OS=Windows_NT
PROCESSOR_IDENTIFIER=Intel64 Family 6 Model 60 Stepping 3, GenuineIntel



---------------  S Y S T E M  ---------------

OS: Windows 10 , 64 bit Build 19041 (10.0.19041.1645)
OS uptime: 6 days 4:15 hours
Hyper-V role detected

CPU:total 4 (initial active 4) (2 cores per cpu, 2 threads per core) family 6 model 60 stepping 3 microcode 0x28, cmov, cx8, fxsr, mmx, sse, sse2, sse3, ssse3, sse4.1, sse4.2, popcnt, avx, avx2, aes, clmul, erms, lzcnt, ht, tsc, tscinvbit, bmi1, bmi2, fma

Memory: 4k page, system-wide physical 16297M (1420M free)
TotalPageFile size 23010M (AvailPageFile size 4M)
current process WorkingSet (physical memory assigned to process): 286M, peak: 288M
current process commit charge ("private bytes"): 429M, peak: 431M

vm_info: OpenJDK 64-Bit Server VM (11.0.10+0-b96-7249189) for windows-amd64 JRE (11.0.10+0-b96-7249189), built on Mar 31 2021 21:44:00 by "builder" with MS VC++ 14.0 (VS2015)

END.
